TN:
SF:lib/index.js
FNF:0
FNH:0
DA:1,0
LF:1
LH:0
BRF:0
BRH:0
end_of_record
TN:
SF:lib/rule-schema.js
FNF:0
FNH:0
DA:1,8
LF:1
LH:1
BRF:0
BRH:0
end_of_record
TN:
SF:lib/utils.js
FN:3,(anonymous_0)
FNF:1
FNH:1
FNDA:58,(anonymous_0)
DA:1,9
DA:3,9
DA:4,58
DA:6,9
LF:4
LH:4
BRDA:3,0,0,20
BRDA:4,1,0,17
BRDA:4,1,1,41
BRF:3
BRH:3
end_of_record
TN:
SF:lib/rules/anchor.js
FN:17,(anonymous_0)
FN:22,(anonymous_1)
FNF:2
FNH:2
FNDA:8,(anonymous_0)
FNDA:8,(anonymous_1)
DA:1,1
DA:2,1
DA:3,1
DA:5,1
DA:18,8
DA:19,8
DA:21,8
DA:23,8
DA:24,8
DA:26,8
DA:27,4
LF:11
LH:11
BRDA:18,0,0,8
BRDA:18,0,1,3
BRDA:26,1,0,4
BRDA:26,1,1,4
BRDA:26,2,0,8
BRDA:26,2,1,8
BRDA:26,2,2,7
BRF:7
BRH:7
end_of_record
TN:
SF:lib/rules/button.js
FN:22,(anonymous_0)
FN:27,(anonymous_1)
FNF:2
FNH:2
FNDA:7,(anonymous_0)
FNDA:7,(anonymous_1)
DA:1,1
DA:2,1
DA:3,1
DA:5,1
DA:23,7
DA:24,7
DA:26,7
DA:28,7
DA:29,7
DA:31,7
DA:32,4
LF:11
LH:11
BRDA:23,0,0,7
BRDA:23,0,1,2
BRDA:31,1,0,4
BRDA:31,1,1,3
BRDA:31,2,0,7
BRDA:31,2,1,7
BRF:6
BRH:6
end_of_record
TN:
SF:lib/rules/input.js
FN:17,(anonymous_0)
FN:22,(anonymous_1)
FNF:2
FNH:2
FNDA:10,(anonymous_0)
FNDA:10,(anonymous_1)
DA:1,1
DA:2,1
DA:3,1
DA:5,1
DA:18,10
DA:19,10
DA:21,10
DA:23,10
DA:24,10
DA:26,10
DA:28,10
DA:29,5
LF:12
LH:12
BRDA:18,0,0,10
BRDA:18,0,1,3
BRDA:26,1,0,1
BRDA:26,1,1,9
BRDA:28,2,0,5
BRDA:28,2,1,5
BRDA:28,3,0,10
BRDA:28,3,1,10
BRDA:28,3,2,3
BRDA:28,3,3,8
BRF:10
BRH:10
end_of_record
TN:
SF:lib/rules/onChange.js
FN:17,(anonymous_0)
FN:22,(anonymous_1)
FNF:2
FNH:2
FNDA:6,(anonymous_0)
FNDA:6,(anonymous_1)
DA:1,1
DA:2,1
DA:3,1
DA:5,1
DA:18,6
DA:19,6
DA:21,6
DA:23,6
DA:24,6
DA:25,4
LF:10
LH:10
BRDA:18,0,0,6
BRDA:18,0,1,2
BRDA:24,1,0,4
BRDA:24,1,1,2
BRDA:24,2,0,6
BRDA:24,2,1,5
BRF:6
BRH:6
end_of_record
TN:
SF:lib/rules/onClick.js
FN:17,(anonymous_0)
FN:22,(anonymous_1)
FNF:2
FNH:2
FNDA:6,(anonymous_0)
FNDA:6,(anonymous_1)
DA:1,1
DA:2,1
DA:3,1
DA:5,1
DA:18,6
DA:19,6
DA:21,6
DA:23,6
DA:24,6
DA:25,4
LF:10
LH:10
BRDA:18,0,0,6
BRDA:18,0,1,2
BRDA:24,1,0,4
BRDA:24,1,1,2
BRDA:24,2,0,6
BRDA:24,2,1,5
BRF:6
BRH:6
end_of_record
TN:
SF:lib/rules/onKeyDown.js
FN:17,(anonymous_0)
FN:22,(anonymous_1)
FNF:2
FNH:2
FNDA:6,(anonymous_0)
FNDA:6,(anonymous_1)
DA:1,1
DA:2,1
DA:3,1
DA:5,1
DA:18,6
DA:19,6
DA:21,6
DA:23,6
DA:24,6
DA:25,4
LF:10
LH:10
BRDA:18,0,0,6
BRDA:18,0,1,2
BRDA:24,1,0,4
BRDA:24,1,1,2
BRDA:24,2,0,6
BRDA:24,2,1,5
BRF:6
BRH:6
end_of_record
TN:
SF:lib/rules/onKeyUp.js
FN:17,(anonymous_0)
FN:22,(anonymous_1)
FNF:2
FNH:2
FNDA:6,(anonymous_0)
FNDA:6,(anonymous_1)
DA:1,1
DA:2,1
DA:3,1
DA:5,1
DA:18,6
DA:19,6
DA:21,6
DA:23,6
DA:24,6
DA:25,4
LF:10
LH:10
BRDA:18,0,0,6
BRDA:18,0,1,2
BRDA:24,1,0,4
BRDA:24,1,1,2
BRDA:24,2,0,6
BRDA:24,2,1,5
BRF:6
BRH:6
end_of_record
TN:
SF:lib/rules/onSubmit.js
FN:17,(anonymous_0)
FN:22,(anonymous_1)
FNF:2
FNH:2
FNDA:6,(anonymous_0)
FNDA:6,(anonymous_1)
DA:1,1
DA:2,1
DA:3,1
DA:5,1
DA:18,6
DA:19,6
DA:21,6
DA:23,6
DA:24,6
DA:25,4
LF:10
LH:10
BRDA:18,0,0,6
BRDA:18,0,1,2
BRDA:24,1,0,4
BRDA:24,1,1,2
BRDA:24,2,0,6
BRDA:24,2,1,5
BRF:6
BRH:6
end_of_record
