TN:
SF:lib/index.js
FNF:0
FNH:0
DA:1,0
LF:1
LH:0
BRF:0
BRH:0
end_of_record
TN:
SF:lib/schema.js
FNF:0
FNH:0
DA:1,8
DA:16,8
LF:2
LH:2
BRF:0
BRH:0
end_of_record
TN:
SF:lib/utils.js
FN:4,(anonymous_0)
FN:6,(anonymous_1)
FN:11,(anonymous_2)
FN:14,(anonymous_3)
FNF:4
FNH:4
FNDA:146,(anonymous_0)
FNDA:84,(anonymous_1)
FNDA:21,(anonymous_2)
FNDA:62,(anonymous_3)
DA:1,9
DA:2,9
DA:4,146
DA:6,9
DA:7,84
DA:11,9
DA:12,21
DA:14,9
DA:15,62
DA:17,9
LF:10
LH:10
BRDA:7,0,0,32
BRDA:7,0,1,52
BRDA:8,1,0,32
BRDA:8,1,1,16
BRDA:9,2,0,52
BRDA:9,2,1,26
BRDA:15,3,0,31
BRDA:15,3,1,31
BRF:8
BRH:8
end_of_record
TN:
SF:lib/rules/anchor.js
FN:17,(anonymous_0)
FN:21,(anonymous_1)
FNF:2
FNH:2
FNDA:6,(anonymous_0)
FNDA:6,(anonymous_1)
DA:1,1
DA:2,1
DA:3,1
DA:5,1
DA:18,6
DA:20,6
DA:22,6
DA:23,6
DA:24,6
DA:26,6
DA:27,3
LF:11
LH:11
BRDA:18,0,0,6
BRDA:18,0,1,3
BRDA:26,1,0,3
BRDA:26,1,1,3
BRDA:26,2,0,6
BRDA:26,2,1,6
BRDA:26,2,2,5
BRF:7
BRH:7
end_of_record
TN:
SF:lib/rules/button.js
FN:17,(anonymous_0)
FN:21,(anonymous_1)
FNF:2
FNH:2
FNDA:5,(anonymous_0)
FNDA:5,(anonymous_1)
DA:1,1
DA:2,1
DA:3,1
DA:5,1
DA:18,5
DA:20,5
DA:22,5
DA:23,5
DA:24,5
DA:26,5
DA:27,3
LF:11
LH:11
BRDA:18,0,0,5
BRDA:18,0,1,2
BRDA:26,1,0,3
BRDA:26,1,1,2
BRDA:26,2,0,5
BRDA:26,2,1,5
BRF:6
BRH:6
end_of_record
TN:
SF:lib/rules/input.js
FN:28,(anonymous_0)
FN:32,(anonymous_1)
FNF:2
FNH:2
FNDA:9,(anonymous_0)
FNDA:9,(anonymous_1)
DA:1,1
DA:2,1
DA:3,1
DA:5,1
DA:29,9
DA:31,9
DA:33,9
DA:34,9
DA:35,9
DA:37,9
DA:39,9
DA:40,4
LF:12
LH:12
BRDA:29,0,0,9
BRDA:29,0,1,3
BRDA:37,1,0,9
BRDA:37,1,1,4
BRDA:39,2,0,4
BRDA:39,2,1,5
BRDA:39,3,0,9
BRDA:39,3,1,9
BRDA:39,3,2,7
BRF:9
BRH:9
end_of_record
TN:
SF:lib/rules/onChange.js
FN:17,(anonymous_0)
FN:21,(anonymous_1)
FNF:2
FNH:2
FNDA:12,(anonymous_0)
FNDA:12,(anonymous_1)
DA:1,1
DA:2,1
DA:3,1
DA:5,1
DA:18,12
DA:20,12
DA:22,12
DA:23,12
DA:24,12
DA:26,12
DA:27,6
LF:11
LH:11
BRDA:18,0,0,12
BRDA:18,0,1,6
BRDA:26,1,0,6
BRDA:26,1,1,6
BRDA:26,2,0,12
BRDA:26,2,1,10
BRF:6
BRH:6
end_of_record
TN:
SF:lib/rules/onClick.js
FN:17,(anonymous_0)
FN:21,(anonymous_1)
FNF:2
FNH:2
FNDA:12,(anonymous_0)
FNDA:12,(anonymous_1)
DA:1,1
DA:2,1
DA:3,1
DA:5,1
DA:18,12
DA:20,12
DA:22,12
DA:23,12
DA:24,12
DA:26,12
DA:27,6
LF:11
LH:11
BRDA:18,0,0,12
BRDA:18,0,1,6
BRDA:26,1,0,6
BRDA:26,1,1,6
BRDA:26,2,0,12
BRDA:26,2,1,10
BRF:6
BRH:6
end_of_record
TN:
SF:lib/rules/onKeyDown.js
FN:17,(anonymous_0)
FN:21,(anonymous_1)
FNF:2
FNH:2
FNDA:12,(anonymous_0)
FNDA:12,(anonymous_1)
DA:1,1
DA:2,1
DA:3,1
DA:5,1
DA:18,12
DA:20,12
DA:22,12
DA:23,12
DA:24,12
DA:26,12
DA:27,6
LF:11
LH:11
BRDA:18,0,0,12
BRDA:18,0,1,6
BRDA:26,1,0,6
BRDA:26,1,1,6
BRDA:26,2,0,12
BRDA:26,2,1,10
BRF:6
BRH:6
end_of_record
TN:
SF:lib/rules/onKeyUp.js
FN:17,(anonymous_0)
FN:21,(anonymous_1)
FNF:2
FNH:2
FNDA:12,(anonymous_0)
FNDA:12,(anonymous_1)
DA:1,1
DA:2,1
DA:3,1
DA:5,1
DA:18,12
DA:20,12
DA:22,12
DA:23,12
DA:24,12
DA:26,12
DA:27,6
LF:11
LH:11
BRDA:18,0,0,12
BRDA:18,0,1,6
BRDA:26,1,0,6
BRDA:26,1,1,6
BRDA:26,2,0,12
BRDA:26,2,1,10
BRF:6
BRH:6
end_of_record
TN:
SF:lib/rules/onSubmit.js
FN:17,(anonymous_0)
FN:21,(anonymous_1)
FNF:2
FNH:2
FNDA:12,(anonymous_0)
FNDA:12,(anonymous_1)
DA:1,1
DA:2,1
DA:3,1
DA:5,1
DA:18,12
DA:20,12
DA:22,12
DA:23,12
DA:24,12
DA:26,12
DA:27,6
LF:11
LH:11
BRDA:18,0,0,12
BRDA:18,0,1,6
BRDA:26,1,0,6
BRDA:26,1,1,6
BRDA:26,2,0,12
BRDA:26,2,1,10
BRF:6
BRH:6
end_of_record
